[2025-06-05 00:16:13] INFO: 新用戶註冊 {"user_id":5,"username":"js"}
[2025-06-05 00:22:26] INFO: 新用戶註冊 {"user_id":5,"username":"js"}
[2025-06-05 01:34:01] INFO: 新用戶註冊 {"user_id":5,"username":"張三"}
[2025-06-05 01:34:03] INFO: 新用戶註冊 {"user_id":5,"username":"李四"}
[2025-06-05 01:36:04] INFO: 新用戶註冊 {"user_id":5,"username":"張三"}
[2025-06-05 01:39:29] INFO: 用戶登出 {"user_id":5,"username":"張三"}
[2025-06-05 01:39:36] INFO: 新用戶註冊 {"user_id":5,"username":"李四"}
[2025-06-05 01:43:44] INFO: 用戶登出 {"user_id":5,"username":"李四"}
[2025-06-05 01:43:49] INFO: 新用戶註冊 {"user_id":5,"username":"張三"}
[2025-06-05 01:47:45] INFO: 新用戶註冊 {"user_id":5,"username":"張三"}
[2025-06-05 01:47:58] INFO: 用戶登出 {"user_id":5,"username":"張三"}
[2025-06-05 01:48:08] INFO: 新用戶註冊 {"user_id":5,"username":"李四"}
[2025-06-05 01:55:37] INFO: 用戶登出 {"user_id":5,"username":"李四"}
[2025-06-05 01:55:42] INFO: 新用戶註冊 {"user_id":5,"username":"張三"}
[2025-06-05 01:58:00] INFO: 新用戶註冊 {"user_id":5,"username":"李四"}
[2025-06-05 02:08:56] INFO: 新用戶註冊 {"user_id":5,"username":"張三"}
[2025-06-05 02:09:06] INFO: 用戶登出 {"user_id":5,"username":"張三"}
[2025-06-05 02:09:09] INFO: 新用戶註冊 {"user_id":5,"username":"李四"}
[2025-06-05 02:23:03] INFO: 新用戶註冊 {"user_id":5,"username":"張三"}
[2025-06-05 02:23:14] INFO: 新用戶註冊 {"user_id":5,"username":"李四"}
[2025-06-05 02:41:16] INFO: 新用戶註冊 {"user_id":5,"username":"張三"}
[2025-06-05 02:41:24] INFO: 用戶登出 {"user_id":5,"username":"張三"}
[2025-06-05 02:41:27] INFO: 新用戶註冊 {"user_id":5,"username":"李四"}
[2025-06-05 05:26:04] INFO: 新用戶註冊 {"user_id":5,"username":"張三"}
[2025-06-05 05:38:28] INFO: 新用戶註冊 {"user_id":5,"username":"張三"}
[2025-06-05 05:45:26] INFO: 新用戶註冊 {"user_id":5,"username":"張三"}
[2025-06-05 05:50:43] INFO: 新用戶註冊 {"user_id":5,"username":"張三"}
[2025-06-05 06:15:02] INFO: 新用戶註冊 {"user_id":5,"username":"張三"}
[2025-06-05 06:25:05] INFO: 新用戶註冊 {"user_id":5,"username":"張三"}
[2025-06-05 06:37:50] INFO: 新用戶註冊 {"user_id":5,"username":"張三"}
[2025-06-05 06:47:55] INFO: 新用戶註冊 {"user_id":5,"username":"張三"}
[2025-06-05 07:17:44] INFO: 新用戶註冊 {"user_id":5,"username":"張三"}
