[2025-06-05 00:22:00] INFO: 代碼執行 {"code_length":22,"output_length":13}
[2025-06-05 00:22:06] INFO: 代碼執行 {"code_length":22,"output_length":13}
[2025-06-05 00:29:27] INFO: 代碼保存 {"room_id":"3","user_id":5,"code_length":22}
[2025-06-05 01:14:48] INFO: 代碼保存 {"room_id":"3","user_id":5,"code_length":22}
[2025-06-05 01:29:53] INFO: 自動創建房間 {"room_id":"3"}
[2025-06-05 01:34:24] INFO: 自動創建房間 {"room_id":"test_room_1749087227577"}
[2025-06-05 01:35:20] INFO: 自動創建房間 {"room_id":"3"}
[2025-06-05 01:35:35] INFO: 自動創建房間 {"room_id":"test_room_1749087227577"}
[2025-06-05 01:35:40] INFO: 自動創建房間 {"room_id":"test_room_1749087227577"}
[2025-06-05 01:36:07] INFO: 自動創建房間 {"room_id":"test_room_1749087359708"}
[2025-06-05 01:36:12] INFO: 自動創建房間 {"room_id":"3"}
[2025-06-05 01:39:11] INFO: 自動創建房間 {"room_id":"test_room_1749087359708"}
[2025-06-05 01:39:20] INFO: 自動創建房間 {"room_id":"3"}
[2025-06-05 01:39:39] INFO: 自動創建房間 {"room_id":"3"}
[2025-06-05 01:43:31] INFO: 自動創建房間 {"room_id":"3"}
[2025-06-05 01:43:53] INFO: 自動創建房間 {"room_id":"3"}
[2025-06-05 01:44:01] INFO: 自動創建房間 {"room_id":"3"}
[2025-06-05 01:47:51] INFO: 自動創建房間 {"room_id":"3"}
[2025-06-05 01:48:16] INFO: 自動創建房間 {"room_id":"3"}
[2025-06-05 01:55:28] INFO: 自動創建房間 {"room_id":"3"}
[2025-06-05 01:55:32] INFO: 自動創建房間 {"room_id":"3"}
[2025-06-05 01:55:47] INFO: 自動創建房間 {"room_id":"3"}
[2025-06-05 02:08:59] INFO: 自動創建房間 {"room_id":"3"}
[2025-06-05 02:09:12] INFO: 自動創建房間 {"room_id":"3"}
[2025-06-05 02:23:05] INFO: 自動創建房間 {"room_id":"3"}
[2025-06-05 02:23:16] INFO: 自動創建房間 {"room_id":"3"}
[2025-06-05 02:23:29] INFO: 代碼執行 {"code_length":44,"output_length":43}
[2025-06-05 02:23:39] INFO: 代碼保存 {"room_id":"3","user_id":5,"code_length":51}
[2025-06-05 02:23:41] INFO: 代碼執行 {"code_length":51,"output_length":43}
[2025-06-05 02:41:18] INFO: 自動創建房間 {"room_id":"3"}
[2025-06-05 02:41:30] INFO: 自動創建房間 {"room_id":"3"}
[2025-06-05 05:38:31] INFO: 自動創建房間 {"room_id":"3"}
[2025-06-05 05:40:13] INFO: 代碼執行 {"code_length":83431,"output_length":6331}
[2025-06-05 05:40:24] INFO: 代碼保存 {"room_id":"3","user_id":5,"username":"張三","code_length":83431,"history_id":5}
[2025-06-05 05:45:30] INFO: 自動創建房間 {"room_id":"3"}
[2025-06-05 05:50:45] INFO: 自動創建房間 {"room_id":"3"}
